[debug] [2025-01-14T13:14:57.967Z] ----------------------------------------------------------------------
[debug] [2025-01-14T13:14:57.969Z] Command:       C:\Program Files\nodejs\node.exe C:\Users\ASUS TUF\AppData\Roaming\npm\node_modules\firebase-tools\lib\bin\firebase.js login --reauth
[debug] [2025-01-14T13:14:57.970Z] CLI Version:   13.29.1
[debug] [2025-01-14T13:14:57.970Z] Platform:      win32
[debug] [2025-01-14T13:14:57.970Z] Node Version:  v20.13.1
[debug] [2025-01-14T13:14:57.970Z] Time:          Tue Jan 14 2025 08:14:57 GMT-0500 (Ecuador Time)
[debug] [2025-01-14T13:14:57.970Z] ----------------------------------------------------------------------
[debug] 
[info] 
[info] Visit this URL on this device to log in:
[info] https://accounts.google.com/o/oauth2/auth?client_id=563584335869-fgrhgmd47bqnekij5i8b5pr03ho849e6.apps.googleusercontent.com&scope=email%20openid%20https%3A%2F%2Fwww.googleapis.com%2Fauth%2Fcloudplatformprojects.readonly%20https%3A%2F%2Fwww.googleapis.com%2Fauth%2Ffirebase%20https%3A%2F%2Fwww.googleapis.com%2Fauth%2Fcloud-platform&response_type=code&state=875792436&redirect_uri=http%3A%2F%2Flocalhost%3A9005&login_hint=jeremycuenta120%40gmail.com
[info] 
[info] Waiting for authentication...
[debug] [2025-01-14T13:16:56.180Z] ----------------------------------------------------------------------
[debug] [2025-01-14T13:16:56.182Z] Command:       C:\Program Files\nodejs\node.exe C:\Users\ASUS TUF\AppData\Roaming\npm\node_modules\firebase-tools\lib\bin\firebase.js deploy
[debug] [2025-01-14T13:16:56.182Z] CLI Version:   13.29.1
[debug] [2025-01-14T13:16:56.182Z] Platform:      win32
[debug] [2025-01-14T13:16:56.183Z] Node Version:  v20.13.1
[debug] [2025-01-14T13:16:56.183Z] Time:          Tue Jan 14 2025 08:16:56 GMT-0500 (Ecuador Time)
[debug] [2025-01-14T13:16:56.183Z] ----------------------------------------------------------------------
[debug] 
[debug] [2025-01-14T13:16:56.230Z] > command requires scopes: ["email","openid","https://www.googleapis.com/auth/cloudplatformprojects.readonly","https://www.googleapis.com/auth/firebase","https://www.googleapis.com/auth/cloud-platform"]
[debug] [2025-01-14T13:16:56.231Z] > authorizing via signed-in user (jeremycuenta120@gmail.com)
[debug] [2025-01-14T13:16:56.231Z] [iam] checking project gluciobot for permissions ["cloudfunctions.functions.create","cloudfunctions.functions.delete","cloudfunctions.functions.get","cloudfunctions.functions.list","cloudfunctions.functions.update","cloudfunctions.operations.get","datastore.indexes.create","datastore.indexes.delete","datastore.indexes.list","datastore.indexes.update","firebase.projects.get","firebasehosting.sites.update","firebaserules.releases.create","firebaserules.releases.update","firebaserules.rulesets.create"]
[debug] [2025-01-14T13:16:56.231Z] Checked if tokens are valid: false, expires at: 1736850326562
[debug] [2025-01-14T13:16:56.231Z] Checked if tokens are valid: false, expires at: 1736850326562
[debug] [2025-01-14T13:16:56.232Z] > refreshing access token with scopes: []
[debug] [2025-01-14T13:16:56.233Z] >>> [apiv2][query] POST https://www.googleapis.com/oauth2/v3/token [none]
[debug] [2025-01-14T13:16:56.233Z] >>> [apiv2][body] POST https://www.googleapis.com/oauth2/v3/token [omitted]
[debug] [2025-01-14T13:16:56.652Z] <<< [apiv2][status] POST https://www.googleapis.com/oauth2/v3/token 200
[debug] [2025-01-14T13:16:56.652Z] <<< [apiv2][body] POST https://www.googleapis.com/oauth2/v3/token [omitted]
[debug] [2025-01-14T13:16:56.659Z] >>> [apiv2][query] POST https://cloudresourcemanager.googleapis.com/v1/projects/gluciobot:testIamPermissions [none]
[debug] [2025-01-14T13:16:56.660Z] >>> [apiv2][(partial)header] POST https://cloudresourcemanager.googleapis.com/v1/projects/gluciobot:testIamPermissions x-goog-quota-user=projects/gluciobot
[debug] [2025-01-14T13:16:56.660Z] >>> [apiv2][body] POST https://cloudresourcemanager.googleapis.com/v1/projects/gluciobot:testIamPermissions {"permissions":["cloudfunctions.functions.create","cloudfunctions.functions.delete","cloudfunctions.functions.get","cloudfunctions.functions.list","cloudfunctions.functions.update","cloudfunctions.operations.get","datastore.indexes.create","datastore.indexes.delete","datastore.indexes.list","datastore.indexes.update","firebase.projects.get","firebasehosting.sites.update","firebaserules.releases.create","firebaserules.releases.update","firebaserules.rulesets.create"]}
[debug] [2025-01-14T13:16:57.596Z] <<< [apiv2][status] POST https://cloudresourcemanager.googleapis.com/v1/projects/gluciobot:testIamPermissions 200
[debug] [2025-01-14T13:16:57.596Z] <<< [apiv2][body] POST https://cloudresourcemanager.googleapis.com/v1/projects/gluciobot:testIamPermissions {"permissions":["cloudfunctions.functions.create","cloudfunctions.functions.delete","cloudfunctions.functions.get","cloudfunctions.functions.list","cloudfunctions.functions.update","cloudfunctions.operations.get","datastore.indexes.create","datastore.indexes.delete","datastore.indexes.list","datastore.indexes.update","firebase.projects.get","firebasehosting.sites.update","firebaserules.releases.create","firebaserules.releases.update","firebaserules.rulesets.create"]}
[debug] [2025-01-14T13:16:57.596Z] Checked if tokens are valid: true, expires at: 1736864215652
[debug] [2025-01-14T13:16:57.596Z] Checked if tokens are valid: true, expires at: 1736864215652
[debug] [2025-01-14T13:16:57.596Z] >>> [apiv2][query] POST https://iam.googleapis.com/v1/projects/gluciobot/serviceAccounts/gluciobot@appspot.gserviceaccount.com:testIamPermissions [none]
[debug] [2025-01-14T13:16:57.597Z] >>> [apiv2][body] POST https://iam.googleapis.com/v1/projects/gluciobot/serviceAccounts/gluciobot@appspot.gserviceaccount.com:testIamPermissions {"permissions":["iam.serviceAccounts.actAs"]}
[debug] [2025-01-14T13:16:58.613Z] <<< [apiv2][status] POST https://iam.googleapis.com/v1/projects/gluciobot/serviceAccounts/gluciobot@appspot.gserviceaccount.com:testIamPermissions 200
[debug] [2025-01-14T13:16:58.613Z] <<< [apiv2][body] POST https://iam.googleapis.com/v1/projects/gluciobot/serviceAccounts/gluciobot@appspot.gserviceaccount.com:testIamPermissions {"permissions":["iam.serviceAccounts.actAs"]}
[debug] [2025-01-14T13:16:58.613Z] Checked if tokens are valid: true, expires at: 1736864215652
[debug] [2025-01-14T13:16:58.613Z] Checked if tokens are valid: true, expires at: 1736864215652
[debug] [2025-01-14T13:16:58.614Z] >>> [apiv2][query] GET https://firebase.googleapis.com/v1beta1/projects/gluciobot [none]
[debug] [2025-01-14T13:16:59.412Z] <<< [apiv2][status] GET https://firebase.googleapis.com/v1beta1/projects/gluciobot 200
[debug] [2025-01-14T13:16:59.412Z] <<< [apiv2][body] GET https://firebase.googleapis.com/v1beta1/projects/gluciobot {"projectId":"gluciobot","projectNumber":"505352236961","displayName":"gluciobot","name":"projects/gluciobot","resources":{"hostingSite":"gluciobot"},"state":"ACTIVE","etag":"1_7532ec81-9169-4bec-abd5-0a0dd235533f"}
[debug] [2025-01-14T13:17:02.452Z] Checked if tokens are valid: true, expires at: 1736864215652
[debug] [2025-01-14T13:17:02.452Z] Checked if tokens are valid: true, expires at: 1736864215652
[debug] [2025-01-14T13:17:02.452Z] >>> [apiv2][query] GET https://firebasehosting.googleapis.com/v1beta1/projects/gluciobot/sites pageToken=&pageSize=10
[debug] [2025-01-14T13:17:04.039Z] <<< [apiv2][status] GET https://firebasehosting.googleapis.com/v1beta1/projects/gluciobot/sites 200
[debug] [2025-01-14T13:17:04.039Z] <<< [apiv2][body] GET https://firebasehosting.googleapis.com/v1beta1/projects/gluciobot/sites {"sites":[{"name":"projects/gluciobot/sites/gluciobot","defaultUrl":"https://gluciobot.web.app","appId":"1:505352236961:web:68c8c70b9afaa2e6c365e0","type":"DEFAULT_SITE"}]}
[debug] [2025-01-14T13:17:04.040Z] Checked if tokens are valid: true, expires at: 1736864215652
[debug] [2025-01-14T13:17:04.040Z] Checked if tokens are valid: true, expires at: 1736864215652
[debug] [2025-01-14T13:17:04.040Z] >>> [apiv2][query] GET https://firebase.googleapis.com/v1beta1/projects/-/webApps/1:505352236961:web:68c8c70b9afaa2e6c365e0/config [none]
[debug] [2025-01-14T13:17:04.555Z] <<< [apiv2][status] GET https://firebase.googleapis.com/v1beta1/projects/-/webApps/1:505352236961:web:68c8c70b9afaa2e6c365e0/config 200
[debug] [2025-01-14T13:17:04.555Z] <<< [apiv2][body] GET https://firebase.googleapis.com/v1beta1/projects/-/webApps/1:505352236961:web:68c8c70b9afaa2e6c365e0/config {"projectId":"gluciobot","appId":"1:505352236961:web:68c8c70b9afaa2e6c365e0","storageBucket":"gluciobot.firebasestorage.app","apiKey":"AIzaSyAzID9DPONp3kZztJrFd-t0cUprQQKoPN4","authDomain":"gluciobot.firebaseapp.com","messagingSenderId":"505352236961"}
[info] 
   Thank you for trying our early preview of Angular support on Firebase Hosting.
   During the preview, support is best-effort and breaking changes can be expected. Proceed with caution.

   Documentation: https://firebase.google.com/docs/hosting/frameworks/angular
   File a bug: https://github.com/firebase/firebase-tools/issues/new?template=bug_report.md
   Submit a feature request: https://github.com/firebase/firebase-tools/issues/new?template=feature_request.md

   We'd love to learn from you. Express your interest in helping us shape the future of Firebase Hosting: https://goo.gle/41enW5X

[debug] [2025-01-27T23:36:15.236Z] ----------------------------------------------------------------------
[debug] [2025-01-27T23:36:15.238Z] Command:       C:\Program Files\nodejs\node.exe C:\Users\ASUS TUF\AppData\Roaming\npm\node_modules\firebase-tools\lib\bin\firebase.js deploy
[debug] [2025-01-27T23:36:15.238Z] CLI Version:   13.29.1
[debug] [2025-01-27T23:36:15.238Z] Platform:      win32
[debug] [2025-01-27T23:36:15.238Z] Node Version:  v20.13.1
[debug] [2025-01-27T23:36:15.238Z] Time:          Mon Jan 27 2025 18:36:15 GMT-0500 (Ecuador Time)
[debug] [2025-01-27T23:36:15.238Z] ----------------------------------------------------------------------
[debug] 
[debug] [2025-01-27T23:36:15.241Z] >>> [apiv2][query] GET https://firebase-public.firebaseio.com/cli.json [none]
[debug] [2025-01-27T23:36:15.310Z] > command requires scopes: ["email","openid","https://www.googleapis.com/auth/cloudplatformprojects.readonly","https://www.googleapis.com/auth/firebase","https://www.googleapis.com/auth/cloud-platform"]
[debug] [2025-01-27T23:36:15.311Z] > authorizing via signed-in user (jeremycuenta120@gmail.com)
[debug] [2025-01-27T23:36:15.311Z] [iam] checking project gluciobot for permissions ["cloudfunctions.functions.create","cloudfunctions.functions.delete","cloudfunctions.functions.get","cloudfunctions.functions.list","cloudfunctions.functions.update","cloudfunctions.operations.get","datastore.indexes.create","datastore.indexes.delete","datastore.indexes.list","datastore.indexes.update","firebase.projects.get","firebasehosting.sites.update","firebaserules.releases.create","firebaserules.releases.update","firebaserules.rulesets.create"]
[debug] [2025-01-27T23:36:15.311Z] Checked if tokens are valid: false, expires at: 1736864215652
[debug] [2025-01-27T23:36:15.312Z] Checked if tokens are valid: false, expires at: 1736864215652
[debug] [2025-01-27T23:36:15.312Z] > refreshing access token with scopes: []
[debug] [2025-01-27T23:36:15.312Z] >>> [apiv2][query] POST https://www.googleapis.com/oauth2/v3/token [none]
[debug] [2025-01-27T23:36:15.312Z] >>> [apiv2][body] POST https://www.googleapis.com/oauth2/v3/token [omitted]
[debug] [2025-01-27T23:36:15.602Z] <<< [apiv2][status] GET https://firebase-public.firebaseio.com/cli.json 200
[debug] [2025-01-27T23:36:15.602Z] <<< [apiv2][body] GET https://firebase-public.firebaseio.com/cli.json {"cloudBuildErrorAfter":1594252800000,"cloudBuildWarnAfter":1590019200000,"defaultNode10After":1594252800000,"minVersion":"3.0.5","node8DeploysDisabledAfter":1613390400000,"node8RuntimeDisabledAfter":1615809600000,"node8WarnAfter":1600128000000}
[debug] [2025-01-27T23:36:15.612Z] <<< [apiv2][status] POST https://www.googleapis.com/oauth2/v3/token 200
[debug] [2025-01-27T23:36:15.612Z] <<< [apiv2][body] POST https://www.googleapis.com/oauth2/v3/token [omitted]
[debug] [2025-01-27T23:36:15.616Z] >>> [apiv2][query] POST https://cloudresourcemanager.googleapis.com/v1/projects/gluciobot:testIamPermissions [none]
[debug] [2025-01-27T23:36:15.616Z] >>> [apiv2][(partial)header] POST https://cloudresourcemanager.googleapis.com/v1/projects/gluciobot:testIamPermissions x-goog-quota-user=projects/gluciobot
[debug] [2025-01-27T23:36:15.616Z] >>> [apiv2][body] POST https://cloudresourcemanager.googleapis.com/v1/projects/gluciobot:testIamPermissions {"permissions":["cloudfunctions.functions.create","cloudfunctions.functions.delete","cloudfunctions.functions.get","cloudfunctions.functions.list","cloudfunctions.functions.update","cloudfunctions.operations.get","datastore.indexes.create","datastore.indexes.delete","datastore.indexes.list","datastore.indexes.update","firebase.projects.get","firebasehosting.sites.update","firebaserules.releases.create","firebaserules.releases.update","firebaserules.rulesets.create"]}
[debug] [2025-01-27T23:36:16.184Z] <<< [apiv2][status] POST https://cloudresourcemanager.googleapis.com/v1/projects/gluciobot:testIamPermissions 200
[debug] [2025-01-27T23:36:16.184Z] <<< [apiv2][body] POST https://cloudresourcemanager.googleapis.com/v1/projects/gluciobot:testIamPermissions {"permissions":["cloudfunctions.functions.create","cloudfunctions.functions.delete","cloudfunctions.functions.get","cloudfunctions.functions.list","cloudfunctions.functions.update","cloudfunctions.operations.get","datastore.indexes.create","datastore.indexes.delete","datastore.indexes.list","datastore.indexes.update","firebase.projects.get","firebasehosting.sites.update","firebaserules.releases.create","firebaserules.releases.update","firebaserules.rulesets.create"]}
[debug] [2025-01-27T23:36:16.184Z] Checked if tokens are valid: true, expires at: 1738024574612
[debug] [2025-01-27T23:36:16.184Z] Checked if tokens are valid: true, expires at: 1738024574612
[debug] [2025-01-27T23:36:16.185Z] >>> [apiv2][query] POST https://iam.googleapis.com/v1/projects/gluciobot/serviceAccounts/gluciobot@appspot.gserviceaccount.com:testIamPermissions [none]
[debug] [2025-01-27T23:36:16.185Z] >>> [apiv2][body] POST https://iam.googleapis.com/v1/projects/gluciobot/serviceAccounts/gluciobot@appspot.gserviceaccount.com:testIamPermissions {"permissions":["iam.serviceAccounts.actAs"]}
[debug] [2025-01-27T23:36:16.815Z] <<< [apiv2][status] POST https://iam.googleapis.com/v1/projects/gluciobot/serviceAccounts/gluciobot@appspot.gserviceaccount.com:testIamPermissions 200
[debug] [2025-01-27T23:36:16.815Z] <<< [apiv2][body] POST https://iam.googleapis.com/v1/projects/gluciobot/serviceAccounts/gluciobot@appspot.gserviceaccount.com:testIamPermissions {"permissions":["iam.serviceAccounts.actAs"]}
[debug] [2025-01-27T23:36:16.815Z] Checked if tokens are valid: true, expires at: 1738024574612
[debug] [2025-01-27T23:36:16.815Z] Checked if tokens are valid: true, expires at: 1738024574612
[debug] [2025-01-27T23:36:16.816Z] >>> [apiv2][query] GET https://firebase.googleapis.com/v1beta1/projects/gluciobot [none]
[debug] [2025-01-27T23:36:17.339Z] <<< [apiv2][status] GET https://firebase.googleapis.com/v1beta1/projects/gluciobot 200
[debug] [2025-01-27T23:36:17.339Z] <<< [apiv2][body] GET https://firebase.googleapis.com/v1beta1/projects/gluciobot {"projectId":"gluciobot","projectNumber":"505352236961","displayName":"gluciobot","name":"projects/gluciobot","resources":{"hostingSite":"gluciobot"},"state":"ACTIVE","etag":"1_7532ec81-9169-4bec-abd5-0a0dd235533f"}
[debug] [2025-01-27T23:36:20.564Z] Checked if tokens are valid: true, expires at: 1738024574612
[debug] [2025-01-27T23:36:20.565Z] Checked if tokens are valid: true, expires at: 1738024574612
[debug] [2025-01-27T23:36:20.565Z] >>> [apiv2][query] GET https://firebasehosting.googleapis.com/v1beta1/projects/gluciobot/sites pageToken=&pageSize=10
[debug] [2025-01-27T23:36:21.719Z] <<< [apiv2][status] GET https://firebasehosting.googleapis.com/v1beta1/projects/gluciobot/sites 200
[debug] [2025-01-27T23:36:21.719Z] <<< [apiv2][body] GET https://firebasehosting.googleapis.com/v1beta1/projects/gluciobot/sites {"sites":[{"name":"projects/gluciobot/sites/gluciobot","defaultUrl":"https://gluciobot.web.app","appId":"1:505352236961:web:68c8c70b9afaa2e6c365e0","type":"DEFAULT_SITE"}]}
[debug] [2025-01-27T23:36:21.719Z] Checked if tokens are valid: true, expires at: 1738024574612
[debug] [2025-01-27T23:36:21.720Z] Checked if tokens are valid: true, expires at: 1738024574612
[debug] [2025-01-27T23:36:21.720Z] >>> [apiv2][query] GET https://firebase.googleapis.com/v1beta1/projects/-/webApps/1:505352236961:web:68c8c70b9afaa2e6c365e0/config [none]
[debug] [2025-01-27T23:36:22.217Z] <<< [apiv2][status] GET https://firebase.googleapis.com/v1beta1/projects/-/webApps/1:505352236961:web:68c8c70b9afaa2e6c365e0/config 200
[debug] [2025-01-27T23:36:22.217Z] <<< [apiv2][body] GET https://firebase.googleapis.com/v1beta1/projects/-/webApps/1:505352236961:web:68c8c70b9afaa2e6c365e0/config {"projectId":"gluciobot","appId":"1:505352236961:web:68c8c70b9afaa2e6c365e0","storageBucket":"gluciobot.firebasestorage.app","apiKey":"AIzaSyAzID9DPONp3kZztJrFd-t0cUprQQKoPN4","authDomain":"gluciobot.firebaseapp.com","messagingSenderId":"505352236961"}
[info] 
   Thank you for trying our early preview of Angular support on Firebase Hosting.
   During the preview, support is best-effort and breaking changes can be expected. Proceed with caution.

   Documentation: https://firebase.google.com/docs/hosting/frameworks/angular
   File a bug: https://github.com/firebase/firebase-tools/issues/new?template=bug_report.md
   Submit a feature request: https://github.com/firebase/firebase-tools/issues/new?template=feature_request.md

   We'd love to learn from you. Express your interest in helping us shape the future of Firebase Hosting: https://goo.gle/41enW5X

